<?xml version="1.0" encoding="UTF-8"?>
<!-- Generated by org.testng.reporters.JUnitReportReporter -->
<testsuite skipped="0" hostname="192-168-1-7.tpgi.com.au" name="PasswordValidatorTest" tests="2" failures="0" timestamp="13 Dec 2018 07:16:33 GMT" time="0.011" errors="0">
  <testcase name="validPassword" time="0.009" classname="PasswordValidatorTest"/>
  <testcase name="invalidPassword" time="0.002" classname="PasswordValidatorTest"/>
</testsuite> <!-- PasswordValidatorTest -->
